<?xml version="1.0" encoding="UTF-8"?>
<testsuite name="JUnit Jupiter" tests="1" skipped="0" failures="0" errors="0" time="0.84" hostname="DESKTOP-CFFK3DE" timestamp="2018-03-19T12:24:38">
<properties>
[...]
</properties>
<testcase name="testGreetings()" classname="fr.uvsq.poo.monprojet.ApplicationTest" time="0.804">
<system-out><![CDATA[
unique-id: [engine:junit-jupiter]/[class:fr.uvsq.poo.monprojet.ApplicationTest]/[method:testGreetings()]
display-name: testGreetings()
]]></system-out>
</testcase>
<system-out><![CDATA[
unique-id: [engine:junit-jupiter]
display-name: JUnit Jupiter
]]></system-out>
</testsuite>
